<?xml version="1.0" encoding="UTF-8"?>
<!-- Generated by org.testng.reporters.JUnitReportReporter -->
<testsuite hostname="Kiran" failures="0" tests="2" name="contact.testNg" time="0.039" errors="0" timestamp="2021-08-21T14:12:28 IST" skipped="0">
  <testcase classname="contact.testNg" name="a" time="0.035"/>
  <system-out/>
  <testcase classname="contact.testNg" name="b" time="0.004"/>
  <system-out/>
</testsuite> <!-- contact.testNg -->
