<?xml version="1.0" encoding="UTF-8"?>
<!-- Generated by org.testng.reporters.JUnitReportReporter -->
<testsuite hostname="Kiran" failures="0" tests="1" name="contact.Tc_08_CreatingContactwithLeadSource" time="34.655" errors="0" timestamp="2021-08-23T10:23:03 IST" skipped="0">
  <testcase classname="contact.Tc_08_CreatingContactwithLeadSource" name="CreatingContactwithLeadSource" time="34.655"/>
  <system-out/>
</testsuite> <!-- contact.Tc_08_CreatingContactwithLeadSource -->
