<?xml version="1.0" encoding="UTF-8"?>
<!-- Generated by org.testng.reporters.JUnitReportReporter -->
<testsuite hostname="Kiran" failures="0" tests="5" name="contact.Tc_CreateContact" time="143.034" errors="0" timestamp="2021-08-23T16:05:15 IST" skipped="0">
  <testcase classname="contact.Tc_CreateContact" name="CreatingContactwithAssignedToSupportGroupTest" time="28.175"/>
  <system-out/>
  <testcase classname="contact.Tc_CreateContact" name="CreatingContactwithAssignedToAdministratorTest" time="27.994"/>
  <system-out/>
  <testcase classname="contact.Tc_CreateContact" name="CreatingContactwithAssignedToTeamSellingGroupTest" time="30.752"/>
  <system-out/>
  <testcase classname="contact.Tc_CreateContact" name="CreatingContactwithLeadSource" time="28.186"/>
  <system-out/>
  <testcase classname="contact.Tc_CreateContact" name="CreatingContactwithAssignedToMarketingGroupTest" time="27.927"/>
  <system-out/>
</testsuite> <!-- contact.Tc_CreateContact -->
