<?xml version="1.0" encoding="UTF-8"?>
<!-- Generated by org.testng.reporters.JUnitReportReporter -->
<testsuite hostname="Kiran" failures="0" tests="2" name="contact.HomePageReports" time="23.530" errors="0" timestamp="2021-08-25T14:36:01 IST" skipped="0">
  <testcase classname="contact.HomePageReports" name="gettingHomePageTitle" time="10.420"/>
  <system-out/>
  <testcase classname="contact.HomePageReports" name="gettingOrganizationPageTitle" time="13.110"/>
  <system-out/>
</testsuite> <!-- contact.HomePageReports -->
