<?xml version="1.0" encoding="UTF-8"?>
<!-- Generated by org.testng.reporters.JUnitReportReporter -->
<testsuite hostname="Kiran" failures="0" tests="1" name="contact.Tc_10_CreatingContactwithAssignedToMarketingGroup" time="37.239" errors="0" timestamp="2021-08-23T10:43:40 IST" skipped="0">
  <testcase classname="contact.Tc_10_CreatingContactwithAssignedToMarketingGroup" name="CreatingContactwithAssignedToMarketingGroupTest" time="37.239"/>
  <system-out/>
</testsuite> <!-- contact.Tc_10_CreatingContactwithAssignedToMarketingGroup -->
