<?xml version="1.0" encoding="UTF-8"?>
<!-- Generated by org.testng.reporters.JUnitReportReporter -->
<testsuite hostname="Kiran" failures="0" tests="1" name="contact.Tc_12_CreatingContactwithAssignedToTeamSellingGroup" time="40.556" errors="0" timestamp="2021-08-23T10:23:03 IST" skipped="0">
  <testcase classname="contact.Tc_12_CreatingContactwithAssignedToTeamSellingGroup" name="CreatingContactwithAssignedToTeamSellingGroupTest" time="40.556"/>
  <system-out/>
</testsuite> <!-- contact.Tc_12_CreatingContactwithAssignedToTeamSellingGroup -->
