<?xml version="1.0" encoding="UTF-8"?>
<!-- Generated by org.testng.reporters.JUnitReportReporter -->
<testsuite hostname="Kiran" failures="0" tests="5" name="contact.CreateContactTest" time="136.857" errors="0" timestamp="2021-08-25T23:15:10 IST" skipped="0">
  <testcase classname="contact.CreateContactTest" name="CreatingContactwithAssignedToTeamSellingGroupTest" time="27.619"/>
  <system-out/>
  <testcase classname="contact.CreateContactTest" name="CreatingContactwithLeadSource" time="28.216"/>
  <system-out/>
  <testcase classname="contact.CreateContactTest" name="CreatingContactwithAssignedToSupportGroupTest" time="26.770"/>
  <system-out/>
  <testcase classname="contact.CreateContactTest" name="CreatingContactwithAssignedToMarketingGroupTest" time="27.344"/>
  <system-out/>
  <testcase classname="contact.CreateContactTest" name="CreatingContactwithAssignedToAdministratorTest" time="26.908"/>
  <system-out/>
</testsuite> <!-- contact.CreateContactTest -->
