<?xml version="1.0" encoding="UTF-8"?>
<!-- Generated by org.testng.reporters.JUnitReportReporter -->
<testsuite hostname="Kiran" failures="0" tests="2" name="contact.Reports" time="31.358" errors="0" timestamp="2021-08-25T11:33:16 IST" skipped="0">
  <testcase classname="contact.Reports" name="gettingOrganizationPageTitle" time="19.164"/>
  <system-out/>
  <testcase classname="contact.Reports" name="gettingHomePageTitle" time="12.194"/>
  <system-out/>
</testsuite> <!-- contact.Reports -->
