<?xml version="1.0" encoding="UTF-8"?>
<!-- Generated by org.testng.reporters.JUnitReportReporter -->
<testsuite hostname="Kiran" failures="0" tests="1" name="contact.Tc_09_CreatingContactwithAssignedToAdministrator" time="35.960" errors="0" timestamp="2021-08-23T10:23:03 IST" skipped="0">
  <testcase classname="contact.Tc_09_CreatingContactwithAssignedToAdministrator" name="CreatingContactwithAssignedToAdministratorTest" time="35.960"/>
  <system-out/>
</testsuite> <!-- contact.Tc_09_CreatingContactwithAssignedToAdministrator -->
