<?xml version="1.0" encoding="UTF-8"?>
<!-- Generated by org.testng.reporters.JUnitReportReporter -->
<testsuite hostname="Kiran" failures="0" tests="1" name="contactjunk.Tc_09_CreatingContactwithAssignedToAdministrator" time="39.052" errors="0" timestamp="2021-08-24T13:20:41 IST" skipped="0">
  <testcase classname="contactjunk.Tc_09_CreatingContactwithAssignedToAdministrator" name="CreatingContactwithAssignedToAdministratorTest" time="39.052"/>
  <system-out/>
</testsuite> <!-- contactjunk.Tc_09_CreatingContactwithAssignedToAdministrator -->
